<?xml version="1.0" encoding="UTF-8"?>
<!-- Generated by org.testng.reporters.JUnitReportReporter -->
<testsuite hostname="UNVTKSI0022291D3C72700" failures="0" tests="1" name="com.mycompany.jenkins_03_09_pipeline.Jenkins_03_09_pipeline" time="0.012" errors="0" timestamp="2023-03-10T11:07:31 IST" skipped="0">
  <testcase classname="com.mycompany.jenkins_03_09_pipeline.Jenkins_03_09_pipeline" name="testAddition" time="0.012"/>
  <system-out/>
</testsuite> <!-- com.mycompany.jenkins_03_09_pipeline.Jenkins_03_09_pipeline -->
